  StartProcessUnity.cpp
C:\Users\Botan\source\repos\StartProcessUnity\StartProcessUnity\StartProcessUnity.cpp(34,1): warning C4273: 'StoreTestValue': inconsistent dll linkage
C:\Users\Botan\source\repos\StartProcessUnity\StartProcessUnity\StartProcessUnity.h(17,39): message : see previous definition of 'StoreTestValue'
C:\Users\Botan\source\repos\StartProcessUnity\StartProcessUnity\StartProcessUnity.cpp(39,1): warning C4273: 'RetrieveValue': inconsistent dll linkage
C:\Users\Botan\source\repos\StartProcessUnity\StartProcessUnity\StartProcessUnity.h(18,38): message : see previous definition of 'RetrieveValue'
C:\Users\Botan\source\repos\StartProcessUnity\StartProcessUnity\StartProcessUnity.cpp(45,1): warning C4273: 'TestCall': inconsistent dll linkage
C:\Users\Botan\source\repos\StartProcessUnity\StartProcessUnity\StartProcessUnity.h(16,39): message : see previous definition of 'TestCall'
C:\Users\Botan\source\repos\StartProcessUnity\StartProcessUnity\StartProcessUnity.cpp(97,1): warning C4273: 'KillAllProcessHandles': inconsistent dll linkage
C:\Users\Botan\source\repos\StartProcessUnity\StartProcessUnity\StartProcessUnity.h(28,39): message : see previous definition of 'KillAllProcessHandles'
C:\Users\Botan\source\repos\StartProcessUnity\StartProcessUnity\StartProcessUnity.cpp(118,1): warning C4273: 'StartProcess': inconsistent dll linkage
C:\Users\Botan\source\repos\StartProcessUnity\StartProcessUnity\StartProcessUnity.h(22,38): message : see previous definition of 'StartProcess'
C:\Users\Botan\source\repos\StartProcessUnity\StartProcessUnity\StartProcessUnity.cpp(191,1): warning C4273: 'WriteToActiveProcess': inconsistent dll linkage
C:\Users\Botan\source\repos\StartProcessUnity\StartProcessUnity\StartProcessUnity.h(26,38): message : see previous definition of 'WriteToActiveProcess'
C:\Users\Botan\source\repos\StartProcessUnity\StartProcessUnity\StartProcessUnity.cpp(192,41): warning C4267: 'initializing': conversion from 'size_t' to 'int', possible loss of data
C:\Users\Botan\source\repos\StartProcessUnity\StartProcessUnity\StartProcessUnity.cpp(193,11): warning C4101: 'dwRead': unreferenced local variable
C:\Users\Botan\source\repos\StartProcessUnity\StartProcessUnity\StartProcessUnity.cpp(209,1): warning C4273: 'ReadFromActiveProcess': inconsistent dll linkage
C:\Users\Botan\source\repos\StartProcessUnity\StartProcessUnity\StartProcessUnity.h(27,40): message : see previous definition of 'ReadFromActiveProcess'
C:\Users\Botan\source\repos\StartProcessUnity\StartProcessUnity\StartProcessUnity.cpp(210,19): warning C4101: 'dwWritten': unreferenced local variable
C:\Users\Botan\source\repos\StartProcessUnity\StartProcessUnity\StartProcessUnity.cpp(229,1): warning C4326: return type of 'main' should be 'int' instead of 'void'
     Creating library C:\Users\Botan\source\repos\StartProcessUnity\x64\Release\StartProcessUnity.lib and object C:\Users\Botan\source\repos\StartProcessUnity\x64\Release\StartProcessUnity.exp
  Generating code
  Previous IPDB not found, fall back to full compilation.
C:\Users\Botan\source\repos\StartProcessUnity\StartProcessUnity\StartProcessUnity.cpp(219): warning C4172: returning address of local variable or temporary: chBuf
C:\Users\Botan\source\repos\StartProcessUnity\StartProcessUnity\StartProcessUnity.cpp(64): warning C4172: returning address of local variable or temporary: wtext
  All 20 functions were compiled because no usable IPDB/IOBJ from previous compilation was found.
  Finished generating code
  StartProcessUnity.vcxproj -> C:\Users\Botan\source\repos\StartProcessUnity\x64\Release\StartProcessUnity.dll
